  [1m[35m (648.1ms)[0m  [1m[35mCREATE DATABASE "tweet_api_development" ENCODING = 'unicode'[0m
  ↳ bin/rails:9
  [1m[35m (472.6ms)[0m  [1m[35mCREATE DATABASE "tweet_api_test" ENCODING = 'unicode'[0m
  ↳ bin/rails:9
  [1m[35m (131.8ms)[0m  [1m[35mCREATE TABLE "schema_migrations" ("version" character varying NOT NULL PRIMARY KEY)[0m
  ↳ bin/rails:9
  [1m[35m (14.3ms)[0m  [1m[35mCREATE TABLE "ar_internal_metadata" ("key" character varying NOT NULL PRIMARY KEY, "value" character varying, "created_at" timestamp NOT NULL, "updated_at" timestamp NOT NULL)[0m
  ↳ bin/rails:9
  [1m[35m (2.0ms)[0m  [1m[34mSELECT pg_try_advisory_lock(1653140390681946390)[0m
  ↳ bin/rails:9
  [1m[35m (1.0ms)[0m  [1m[34mSELECT "schema_migrations"."version" FROM "schema_migrations" ORDER BY "schema_migrations"."version" ASC[0m
  ↳ bin/rails:9
Migrating to CreateTweets (20180307175155)
  [1m[35m (5.8ms)[0m  [1m[35mBEGIN[0m
  ↳ bin/rails:9
  [1m[35m (40.4ms)[0m  [1m[35mCREATE TABLE "tweets" ("id" bigserial primary key, "handle" character varying, "retweeted" character varying, "imgUrl" character varying, "tweetBody" character varying, "background" boolean)[0m
  ↳ db/migrate/20180307175155_create_tweets.rb:3
  [1m[36mActiveRecord::SchemaMigration Create (5.4ms)[0m  [1m[32mINSERT INTO "schema_migrations" ("version") VALUES ($1) RETURNING "version"[0m  [["version", "20180307175155"]]
  ↳ bin/rails:9
  [1m[35m (4.6ms)[0m  [1m[35mCOMMIT[0m
  ↳ bin/rails:9
  [1m[36mActiveRecord::InternalMetadata Load (0.7ms)[0m  [1m[34mSELECT  "ar_internal_metadata".* FROM "ar_internal_metadata" WHERE "ar_internal_metadata"."key" = $1 LIMIT $2[0m  [["key", "environment"], ["LIMIT", 1]]
  ↳ bin/rails:9
  [1m[35m (0.3ms)[0m  [1m[35mBEGIN[0m
  ↳ bin/rails:9
  [1m[36mActiveRecord::InternalMetadata Create (1.4ms)[0m  [1m[32mINSERT INTO "ar_internal_metadata" ("key", "value", "created_at", "updated_at") VALUES ($1, $2, $3, $4) RETURNING "key"[0m  [["key", "environment"], ["value", "development"], ["created_at", "2018-03-07 17:56:07.688867"], ["updated_at", "2018-03-07 17:56:07.688867"]]
  ↳ bin/rails:9
  [1m[35m (4.4ms)[0m  [1m[35mCOMMIT[0m
  ↳ bin/rails:9
  [1m[35m (0.4ms)[0m  [1m[34mSELECT pg_advisory_unlock(1653140390681946390)[0m
  ↳ bin/rails:9
  [1m[35m (0.4ms)[0m  [1m[34mSELECT "schema_migrations"."version" FROM "schema_migrations" ORDER BY "schema_migrations"."version" ASC[0m
  ↳ bin/rails:9
  [1m[36mTweet Load (0.4ms)[0m  [1m[34mSELECT  "tweets".* FROM "tweets" LIMIT $1[0m  [["LIMIT", 11]]
  [1m[35m (4.8ms)[0m  [1m[34mSELECT COUNT(*) FROM "tweets"[0m
  [1m[35m (1.1ms)[0m  [1m[34mSELECT "schema_migrations"."version" FROM "schema_migrations" ORDER BY "schema_migrations"."version" ASC[0m
  ↳ bin/rails:9
  [1m[35m (0.3ms)[0m  [1m[35mBEGIN[0m
  ↳ db/seeds.rb:8
  [1m[36mTweet Create (1.2ms)[0m  [1m[32mINSERT INTO "tweets" ("handle", "retweeted", "imgUrl", "tweetBody") VALUES ($1, $2, $3, $4) RETURNING "id"[0m  [["handle", "@russel"], ["retweeted", "@doug"], ["imgUrl", "https://image.ibb.co/j1Nnnc/doug.jpg"], ["tweetBody", "Lorem ipsum dolor sit amet, consectetur adipisicing elit. Ea, iusto, maxime, ullam autem a voluptate rem quos repudiandae."]]
  ↳ db/seeds.rb:8
  [1m[35m (0.6ms)[0m  [1m[35mCOMMIT[0m
  ↳ db/seeds.rb:8
  [1m[35m (0.2ms)[0m  [1m[35mBEGIN[0m
  ↳ db/seeds.rb:17
  [1m[36mTweet Create (0.4ms)[0m  [1m[32mINSERT INTO "tweets" ("handle", "imgUrl", "tweetBody", "background") VALUES ($1, $2, $3, $4) RETURNING "id"[0m  [["handle", "@carlf"], ["imgUrl", "https://image.ibb.co/m43tSc/carl.jpg"], ["tweetBody", "Lorem ipsum dolor sit amet, consectetur adipisicing elit. Ea, iusto, maxime, ullam autem a voluptate rem quos repudiandae."], ["background", true]]
  ↳ db/seeds.rb:17
  [1m[35m (0.5ms)[0m  [1m[35mCOMMIT[0m
  ↳ db/seeds.rb:17
  [1m[35m (0.2ms)[0m  [1m[35mBEGIN[0m
  ↳ db/seeds.rb:26
  [1m[36mTweet Create (0.4ms)[0m  [1m[32mINSERT INTO "tweets" ("handle", "imgUrl", "tweetBody", "background") VALUES ($1, $2, $3, $4) RETURNING "id"[0m  [["handle", "@russel"], ["imgUrl", "https://image.ibb.co/g2M2Lx/russel.jpg"], ["tweetBody", "Lorem ipsum dolor sit amet, consectetur adipisicing elit. Ea, iusto, maxime, ullam autem a voluptate rem quos repudiandae."], ["background", false]]
  ↳ db/seeds.rb:26
  [1m[35m (0.5ms)[0m  [1m[35mCOMMIT[0m
  ↳ db/seeds.rb:26
  [1m[35m (0.1ms)[0m  [1m[35mBEGIN[0m
  ↳ db/seeds.rb:35
  [1m[36mTweet Create (0.4ms)[0m  [1m[32mINSERT INTO "tweets" ("handle", "imgUrl", "tweetBody", "background") VALUES ($1, $2, $3, $4) RETURNING "id"[0m  [["handle", "@carlf"], ["imgUrl", "https://image.ibb.co/m43tSc/carl.jpg"], ["tweetBody", "Lorem ipsum dolor sit amet, consectetur adipisicing elit. Ea, iusto, maxime, ullam autem a voluptate rem quos repudiandae."], ["background", true]]
  ↳ db/seeds.rb:35
  [1m[35m (0.5ms)[0m  [1m[35mCOMMIT[0m
  ↳ db/seeds.rb:35
  [1m[36mTweet Load (0.5ms)[0m  [1m[34mSELECT  "tweets".* FROM "tweets" LIMIT $1[0m  [["LIMIT", 11]]
Started GET "/tweets" for 127.0.0.1 at 2018-03-07 13:11:56 -0500
  [1m[35m (0.9ms)[0m  [1m[34mSELECT "schema_migrations"."version" FROM "schema_migrations" ORDER BY "schema_migrations"."version" ASC[0m
  ↳ /Users/danapalazzo/.rbenv/versions/2.4.3/lib/ruby/gems/2.4.0/gems/activerecord-5.2.0.rc1/lib/active_record/log_subscriber.rb:98
  
LoadError (Unable to autoload constant TweetsController, expected /Users/danapalazzo/Desktop/dev/tweet_api/app/controllers/tweets_controller.rb to define it):
  
activesupport (5.2.0.rc1) lib/active_support/dependencies.rb:503:in `load_missing_constant'
bootsnap (1.2.0) lib/bootsnap/load_path_cache/core_ext/active_support.rb:43:in `load_missing_constant'
activesupport (5.2.0.rc1) lib/active_support/dependencies.rb:193:in `const_missing'
activesupport (5.2.0.rc1) lib/active_support/inflector/methods.rb:283:in `const_get'
activesupport (5.2.0.rc1) lib/active_support/inflector/methods.rb:283:in `block in constantize'
activesupport (5.2.0.rc1) lib/active_support/inflector/methods.rb:281:in `each'
activesupport (5.2.0.rc1) lib/active_support/inflector/methods.rb:281:in `inject'
activesupport (5.2.0.rc1) lib/active_support/inflector/methods.rb:281:in `constantize'
activesupport (5.2.0.rc1) lib/active_support/dependencies.rb:574:in `get'
activesupport (5.2.0.rc1) lib/active_support/dependencies.rb:605:in `constantize'
actionpack (5.2.0.rc1) lib/action_dispatch/http/request.rb:88:in `controller_class_for'
actionpack (5.2.0.rc1) lib/action_dispatch/http/parameters.rb:101:in `binary_params_for?'
actionpack (5.2.0.rc1) lib/action_dispatch/http/parameters.rb:92:in `set_binary_encoding'
actionpack (5.2.0.rc1) lib/action_dispatch/http/parameters.rb:69:in `path_parameters='
actionpack (5.2.0.rc1) lib/action_dispatch/journey/router.rb:50:in `block in serve'
actionpack (5.2.0.rc1) lib/action_dispatch/journey/router.rb:35:in `each'
actionpack (5.2.0.rc1) lib/action_dispatch/journey/router.rb:35:in `serve'
actionpack (5.2.0.rc1) lib/action_dispatch/routing/route_set.rb:840:in `call'
rack (2.0.4) lib/rack/tempfile_reaper.rb:15:in `call'
rack (2.0.4) lib/rack/etag.rb:25:in `call'
rack (2.0.4) lib/rack/conditional_get.rb:25:in `call'
rack (2.0.4) lib/rack/head.rb:12:in `call'
activerecord (5.2.0.rc1) lib/active_record/migration.rb:558:in `call'
actionpack (5.2.0.rc1) lib/action_dispatch/middleware/callbacks.rb:28:in `block in call'
activesupport (5.2.0.rc1) lib/active_support/callbacks.rb:98:in `run_callbacks'
actionpack (5.2.0.rc1) lib/action_dispatch/middleware/callbacks.rb:26:in `call'
actionpack (5.2.0.rc1) lib/action_dispatch/middleware/executor.rb:14:in `call'
actionpack (5.2.0.rc1) lib/action_dispatch/middleware/debug_exceptions.rb:61:in `call'
actionpack (5.2.0.rc1) lib/action_dispatch/middleware/show_exceptions.rb:33:in `call'
railties (5.2.0.rc1) lib/rails/rack/logger.rb:38:in `call_app'
railties (5.2.0.rc1) lib/rails/rack/logger.rb:26:in `block in call'
activesupport (5.2.0.rc1) lib/active_support/tagged_logging.rb:71:in `block in tagged'
activesupport (5.2.0.rc1) lib/active_support/tagged_logging.rb:28:in `tagged'
activesupport (5.2.0.rc1) lib/active_support/tagged_logging.rb:71:in `tagged'
railties (5.2.0.rc1) lib/rails/rack/logger.rb:26:in `call'
actionpack (5.2.0.rc1) lib/action_dispatch/middleware/remote_ip.rb:81:in `call'
actionpack (5.2.0.rc1) lib/action_dispatch/middleware/request_id.rb:27:in `call'
rack (2.0.4) lib/rack/runtime.rb:22:in `call'
activesupport (5.2.0.rc1) lib/active_support/cache/strategy/local_cache_middleware.rb:29:in `call'
actionpack (5.2.0.rc1) lib/action_dispatch/middleware/executor.rb:14:in `call'
actionpack (5.2.0.rc1) lib/action_dispatch/middleware/static.rb:127:in `call'
rack (2.0.4) lib/rack/sendfile.rb:111:in `call'
railties (5.2.0.rc1) lib/rails/engine.rb:524:in `call'
puma (3.11.3) lib/puma/configuration.rb:225:in `call'
puma (3.11.3) lib/puma/server.rb:624:in `handle_request'
puma (3.11.3) lib/puma/server.rb:438:in `process_client'
puma (3.11.3) lib/puma/server.rb:302:in `block in run'
puma (3.11.3) lib/puma/thread_pool.rb:120:in `block in spawn_thread'
Started GET "/favicon.ico" for 127.0.0.1 at 2018-03-07 13:11:57 -0500
  
ActionController::RoutingError (No route matches [GET] "/favicon.ico"):
  
actionpack (5.2.0.rc1) lib/action_dispatch/middleware/debug_exceptions.rb:65:in `call'
actionpack (5.2.0.rc1) lib/action_dispatch/middleware/show_exceptions.rb:33:in `call'
railties (5.2.0.rc1) lib/rails/rack/logger.rb:38:in `call_app'
railties (5.2.0.rc1) lib/rails/rack/logger.rb:26:in `block in call'
activesupport (5.2.0.rc1) lib/active_support/tagged_logging.rb:71:in `block in tagged'
activesupport (5.2.0.rc1) lib/active_support/tagged_logging.rb:28:in `tagged'
activesupport (5.2.0.rc1) lib/active_support/tagged_logging.rb:71:in `tagged'
railties (5.2.0.rc1) lib/rails/rack/logger.rb:26:in `call'
actionpack (5.2.0.rc1) lib/action_dispatch/middleware/remote_ip.rb:81:in `call'
actionpack (5.2.0.rc1) lib/action_dispatch/middleware/request_id.rb:27:in `call'
rack (2.0.4) lib/rack/runtime.rb:22:in `call'
activesupport (5.2.0.rc1) lib/active_support/cache/strategy/local_cache_middleware.rb:29:in `call'
actionpack (5.2.0.rc1) lib/action_dispatch/middleware/executor.rb:14:in `call'
actionpack (5.2.0.rc1) lib/action_dispatch/middleware/static.rb:127:in `call'
rack (2.0.4) lib/rack/sendfile.rb:111:in `call'
railties (5.2.0.rc1) lib/rails/engine.rb:524:in `call'
puma (3.11.3) lib/puma/configuration.rb:225:in `call'
puma (3.11.3) lib/puma/server.rb:624:in `handle_request'
puma (3.11.3) lib/puma/server.rb:438:in `process_client'
puma (3.11.3) lib/puma/server.rb:302:in `block in run'
puma (3.11.3) lib/puma/thread_pool.rb:120:in `block in spawn_thread'
Started GET "/tweets" for 127.0.0.1 at 2018-03-07 13:12:22 -0500
Processing by TweetsController#index as HTML
  [1m[36mTweet Load (0.8ms)[0m  [1m[34mSELECT "tweets".* FROM "tweets"[0m
  ↳ app/controllers/tweets_controller.rb:3
Completed 200 OK in 31ms (Views: 19.5ms | ActiveRecord: 8.6ms)


Started GET "/" for 127.0.0.1 at 2018-03-08 10:22:20 -0500
  [1m[35m (2.9ms)[0m  [1m[34mSELECT "schema_migrations"."version" FROM "schema_migrations" ORDER BY "schema_migrations"."version" ASC[0m
  ↳ /Users/danapalazzo/.rbenv/versions/2.4.3/lib/ruby/gems/2.4.0/gems/activerecord-5.2.0.rc1/lib/active_record/log_subscriber.rb:98
Processing by Rails::WelcomeController#index as HTML
  Rendering /Users/danapalazzo/.rbenv/versions/2.4.3/lib/ruby/gems/2.4.0/gems/railties-5.2.0.rc1/lib/rails/templates/rails/welcome/index.html.erb
  Rendered /Users/danapalazzo/.rbenv/versions/2.4.3/lib/ruby/gems/2.4.0/gems/railties-5.2.0.rc1/lib/rails/templates/rails/welcome/index.html.erb (3.5ms)
Completed 200 OK in 16ms (Views: 10.2ms | ActiveRecord: 0.0ms)


Started GET "/tweets" for 127.0.0.1 at 2018-03-08 10:22:26 -0500
Processing by TweetsController#index as HTML
  [1m[36mTweet Load (1.4ms)[0m  [1m[34mSELECT "tweets".* FROM "tweets"[0m
  ↳ app/controllers/tweets_controller.rb:3
Completed 200 OK in 33ms (Views: 14.5ms | ActiveRecord: 14.7ms)


